2019-09-27 12:03:48.345 | SUCCESS  | __main__:main:85 - RESP: success
2019-09-27 12:03:49.148 | INFO     | __main__:main:172 - Stock market cap percent
class StockMarketCapPercent { Sort=30, Code=1101, Name=台泥, Percent=0.6609% }
class StockMarketCapPercent { Sort=39, Code=1102, Name=亞泥, Percent=0.4546% }
class StockMarketCapPercent { Sort=281, Code=1103, Name=嘉泥, Percent=0.0384% }
class StockMarketCapPercent { Sort=280, Code=1104, Name=環泥, Percent=0.0386% }
class StockMarketCapPercent { Sort=672, Code=1108, Name=幸福, Percent=0.0086% }
class StockMarketCapPercent { Sort=491, Code=1109, Name=信大, Percent=0.0176% }
class StockMarketCapPercent { Sort=351, Code=1110, Name=東泥, Percent=0.0297% }
class StockMarketCapPercent { Sort=264, Code=1201, Name=味全, Percent=0.0415% }
class StockMarketCapPercent { Sort=449, Code=1203, Name=味王, Percent=0.0203% }
class StockMarketCapPercent { Sort=131, Code=1210, Name=大成, Percent=0.0960% }
class StockMarketCapPercent { Sort=207, Code=1215, Name=卜蜂, Percent=0.0582% }
class StockMarketCapPercent { Sort=12, Code=1216, Name=統一, Percent=1.3688% }
class StockMarketCapPercent { Sort=605, Code=1217, Name=愛之味, Percent=0.0108% }
class StockMarketCapPercent { Sort=344, Code=1218, Name=泰山, Percent=0.0303% }
class StockMarketCapPercent { Sort=480, Code=1219, Name=福壽, Percent=0.0182% }
class StockMarketCapPercent { Sort=781, Code=1220, Name=台榮, Percent=0.0055% }
class StockMarketCapPercent { Sort=302, Code=1225, Name=福懋油, Percent=0.0348% }
class StockMarketCapPercent { Sort=84, Code=1227, Name=佳格, Percent=0.1790% }
class StockMarketCapPercent { Sort=111, Code=1229, Name=聯華, Percent=0.1174% }
class StockMarketCapPercent { Sort=401, Code=1231, Name=聯華食, Percent=0.0240% }
class StockMarketCapPercent { Sort=198, Code=1232, Name=大統益, Percent=0.0611% }
class StockMarketCapPercent { Sort=603, Code=1233, Name=天仁, Percent=0.0110% }
class StockMarketCapPercent { Sort=272, Code=1234, Name=黑松, Percent=0.0396% }
class StockMarketCapPercent { Sort=696, Code=1235, Name=興泰, Percent=0.0079% }
class StockMarketCapPercent { Sort=820, Code=1236, Name=宏亞, Percent=0.0044% }
class StockMarketCapPercent { Sort=434, Code=1256, Name=鮮活果汁-KY, Percent=0.0213% }
class StockMarketCapPercent { Sort=448, Code=1262, Name=綠悅-KY, Percent=0.0203% }
class StockMarketCapPercent { Sort=5, Code=1301, Name=台塑, Percent=1.8839% }
class StockMarketCapPercent { Sort=7, Code=1303, Name=南亞, Percent=1.7160% }
class StockMarketCapPercent { Sort=241, Code=1304, Name=台聚, Percent=0.0473% }
class StockMarketCapPercent { Sort=335, Code=1305, Name=華夏, Percent=0.0314% }
class StockMarketCapPercent { Sort=355, Code=1307, Name=三芳, Percent=0.0289% }
class StockMarketCapPercent { Sort=374, Code=1308, Name=亞聚, Percent=0.0266% }
class StockMarketCapPercent { Sort=596, Code=1309, Name=台達化, Percent=0.0113% }
class StockMarketCapPercent { Sort=294, Code=1310, Name=台苯, Percent=0.0359% }
class StockMarketCapPercent { Sort=227, Code=1312, Name=國喬, Percent=0.0529% }
class StockMarketCapPercent { Sort=260, Code=1313, Name=聯成, Percent=0.0427% }
class StockMarketCapPercent { Sort=147, Code=1314, Name=中石化, Percent=0.0885% }
class StockMarketCapPercent { Sort=461, Code=1315, Name=達新, Percent=0.0193% }
class StockMarketCapPercent { Sort=735, Code=1316, Name=上曜, Percent=0.0068% }
class StockMarketCapPercent { Sort=150, Code=1319, Name=東陽, Percent=0.0845% }
class StockMarketCapPercent { Sort=416, Code=1321, Name=大洋, Percent=0.0225% }
class StockMarketCapPercent { Sort=642, Code=1323, Name=永裕, Percent=0.0096% }
class StockMarketCapPercent { Sort=885, Code=1324, Name=地球, Percent=0.0023% }
class StockMarketCapPercent { Sort=827, Code=1325, Name=恆大, Percent=0.0042% }
class StockMarketCapPercent { Sort=9, Code=1326, Name=台化, Percent=1.6240% }
class StockMarketCapPercent { Sort=802, Code=1337, Name=再生-KY, Percent=0.0050% }
class StockMarketCapPercent { Sort=486, Code=1338, Name=廣華-KY, Percent=0.0179% }
class StockMarketCapPercent { Sort=620, Code=1339, Name=昭輝, Percent=0.0103% }
class StockMarketCapPercent { Sort=712, Code=1340, Name=勝悅-KY, Percent=0.0075% }
class StockMarketCapPercent { Sort=652, Code=1341, Name=富林-KY, Percent=0.0091% }
class StockMarketCapPercent { Sort=36, Code=1402, Name=遠東新, Percent=0.4798% }
class StockMarketCapPercent { Sort=205, Code=1409, Name=新纖, Percent=0.0593% }
class StockMarketCapPercent { Sort=763, Code=1410, Name=南染, Percent=0.0059% }
class StockMarketCapPercent { Sort=835, Code=1413, Name=宏洲, Percent=0.0039% }
class StockMarketCapPercent { Sort=808, Code=1414, Name=東和, Percent=0.0047% }
class StockMarketCapPercent { Sort=683, Code=1416, Name=廣豐, Percent=0.0082% }
class StockMarketCapPercent { Sort=278, Code=1419, Name=新紡, Percent=0.0387% }
class StockMarketCapPercent { Sort=813, Code=1423, Name=利華, Percent=0.0046% }
class StockMarketCapPercent { Sort=846, Code=1432, Name=大魯閣, Percent=0.0037% }
class StockMarketCapPercent { Sort=83, Code=1434, Name=福懋, Percent=0.1804% }
class StockMarketCapPercent { Sort=877, Code=1435, Name=中福, Percent=0.0025% }
class StockMarketCapPercent { Sort=606, Code=1436, Name=華友聯, Percent=0.0108% }
class StockMarketCapPercent { Sort=539, Code=1437, Name=勤益控, Percent=0.0146% }
class StockMarketCapPercent { Sort=828, Code=1438, Name=裕豐, Percent=0.0041% }
class StockMarketCapPercent { Sort=680, Code=1439, Name=中和, Percent=0.0084% }
class StockMarketCapPercent { Sort=202, Code=1440, Name=南紡, Percent=0.0599% }
class StockMarketCapPercent { Sort=861, Code=1441, Name=大東, Percent=0.0031% }
class StockMarketCapPercent { Sort=529, Code=1442, Name=名軒, Percent=0.0155% }
class StockMarketCapPercent { Sort=829, Code=1443, Name=立益, Percent=0.0041% }
class StockMarketCapPercent { Sort=368, Code=1444, Name=力麗, Percent=0.0271% }
class StockMarketCapPercent { Sort=865, Code=1445, Name=大宇, Percent=0.0030% }
class StockMarketCapPercent { Sort=555, Code=1446, Name=宏和, Percent=0.0133% }
class StockMarketCapPercent { Sort=453, Code=1447, Name=力鵬, Percent=0.0200% }
class StockMarketCapPercent { Sort=897, Code=1449, Name=佳和, Percent=0.0018% }
class StockMarketCapPercent { Sort=540, Code=1451, Name=年興, Percent=0.0144% }
class StockMarketCapPercent { Sort=705, Code=1452, Name=宏益, Percent=0.0076% }
class StockMarketCapPercent { Sort=875, Code=1453, Name=大將, Percent=0.0025% }
class StockMarketCapPercent { Sort=856, Code=1454, Name=台富, Percent=0.0034% }
class StockMarketCapPercent { Sort=511, Code=1455, Name=集盛, Percent=0.0164% }
class StockMarketCapPercent { Sort=876, Code=1456, Name=怡華, Percent=0.0025% }
class StockMarketCapPercent { Sort=563, Code=1457, Name=宜進, Percent=0.0129% }
class StockMarketCapPercent { Sort=697, Code=1459, Name=聯發, Percent=0.0079% }
class StockMarketCapPercent { Sort=512, Code=1460, Name=宏遠, Percent=0.0162% }
class StockMarketCapPercent { Sort=722, Code=1463, Name=強盛, Percent=0.0072% }
class StockMarketCapPercent { Sort=365, Code=1464, Name=得力, Percent=0.0278% }
class StockMarketCapPercent { Sort=810, Code=1465, Name=偉全, Percent=0.0046% }
class StockMarketCapPercent { Sort=868, Code=1466, Name=聚隆, Percent=0.0029% }
class StockMarketCapPercent { Sort=809, Code=1467, Name=南緯, Percent=0.0047% }
class StockMarketCapPercent { Sort=798, Code=1468, Name=昶和, Percent=0.0051% }
class StockMarketCapPercent { Sort=754, Code=1470, Name=大統新創, Percent=0.0061% }
class StockMarketCapPercent { Sort=898, Code=1471, Name=首利, Percent=0.0018% }
class StockMarketCapPercent { Sort=811, Code=1472, Name=三洋紡, Percent=0.0046% }
class StockMarketCapPercent { Sort=573, Code=1473, Name=台南, Percent=0.0124% }
class StockMarketCapPercent { Sort=845, Code=1474, Name=弘裕, Percent=0.0037% }
class StockMarketCapPercent { Sort=51, Code=1476, Name=儒鴻, Percent=0.3313% }
class StockMarketCapPercent { Sort=103, Code=1477, Name=聚陽, Percent=0.1279% }
class StockMarketCapPercent { Sort=175, Code=1503, Name=士電, Percent=0.0700% }
class StockMarketCapPercent { Sort=91, Code=1504, Name=東元, Percent=0.1541% }
class StockMarketCapPercent { Sort=761, Code=1506, Name=正道, Percent=0.0059% }
class StockMarketCapPercent { Sort=151, Code=1507, Name=永大, Percent=0.0839% }
class StockMarketCapPercent { Sort=370, Code=1513, Name=中興電, Percent=0.0267% }
class StockMarketCapPercent { Sort=614, Code=1514, Name=亞力, Percent=0.0106% }
class StockMarketCapPercent { Sort=234, Code=1515, Name=力山, Percent=0.0503% }
class StockMarketCapPercent { Sort=901, Code=1516, Name=川飛, Percent=0.0016% }
class StockMarketCapPercent { Sort=739, Code=1517, Name=利奇, Percent=0.0067% }
class StockMarketCapPercent { Sort=463, Code=1519, Name=華城, Percent=0.0191% }
class StockMarketCapPercent { Sort=533, Code=1521, Name=大億, Percent=0.0152% }
class StockMarketCapPercent { Sort=350, Code=1522, Name=堤維西, Percent=0.0298% }
class StockMarketCapPercent { Sort=779, Code=1524, Name=耿鼎, Percent=0.0056% }
class StockMarketCapPercent { Sort=562, Code=1525, Name=江申, Percent=0.0129% }
class StockMarketCapPercent { Sort=778, Code=1526, Name=日馳, Percent=0.0056% }
class StockMarketCapPercent { Sort=424, Code=1527, Name=鑽全, Percent=0.0219% }
class StockMarketCapPercent { Sort=762, Code=1528, Name=恩德, Percent=0.0059% }
class StockMarketCapPercent { Sort=812, Code=1529, Name=樂士, Percent=0.0046% }
class StockMarketCapPercent { Sort=678, Code=1530, Name=亞崴, Percent=0.0085% }
class StockMarketCapPercent { Sort=655, Code=1531, Name=高林股, Percent=0.0089% }
class StockMarketCapPercent { Sort=289, Code=1532, Name=勤美, Percent=0.0367% }
class StockMarketCapPercent { Sort=586, Code=1533, Name=車王電, Percent=0.0116% }
class StockMarketCapPercent { Sort=568, Code=1535, Name=中宇, Percent=0.0126% }
class StockMarketCapPercent { Sort=139, Code=1536, Name=和大, Percent=0.0930% }
class StockMarketCapPercent { Sort=282, Code=1537, Name=廣隆, Percent=0.0383% }
class StockMarketCapPercent { Sort=814, Code=1539, Name=巨庭, Percent=0.0045% }
class StockMarketCapPercent { Sort=789, Code=1540, Name=喬福, Percent=0.0053% }
class StockMarketCapPercent { Sort=671, Code=1541, Name=錩泰, Percent=0.0086% }
class StockMarketCapPercent { Sort=389, Code=1558, Name=伸興, Percent=0.0252% }
class StockMarketCapPercent { Sort=390, Code=1560, Name=中砂, Percent=0.0251% }
class StockMarketCapPercent { Sort=723, Code=1568, Name=倉佑, Percent=0.0072% }
class StockMarketCapPercent { Sort=341, Code=1582, Name=信錦, Percent=0.0305% }
class StockMarketCapPercent { Sort=462, Code=1583, Name=程泰, Percent=0.0191% }
class StockMarketCapPercent { Sort=842, Code=1587, Name=吉茂, Percent=0.0038% }
class StockMarketCapPercent { Sort=513, Code=1589, Name=永冠-KY, Percent=0.0162% }
class StockMarketCapPercent { Sort=77, Code=1590, Name=亞德客-KY, Percent=0.1923% }
class StockMarketCapPercent { Sort=738, Code=1592, Name=英瑞-KY, Percent=0.0067% }
class StockMarketCapPercent { Sort=577, Code=1598, Name=岱宇, Percent=0.0121% }
class StockMarketCapPercent { Sort=432, Code=1604, Name=聲寶, Percent=0.0214% }
class StockMarketCapPercent { Sort=93, Code=1605, Name=華新, Percent=0.1443% }
class StockMarketCapPercent { Sort=455, Code=1608, Name=華榮, Percent=0.0195% }
class StockMarketCapPercent { Sort=468, Code=1609, Name=大亞, Percent=0.0187% }
class StockMarketCapPercent { Sort=595, Code=1611, Name=中電, Percent=0.0113% }
class StockMarketCapPercent { Sort=627, Code=1612, Name=宏泰, Percent=0.0101% }
class StockMarketCapPercent { Sort=403, Code=1614, Name=三洋電, Percent=0.0236% }
class StockMarketCapPercent { Sort=770, Code=1615, Name=大山, Percent=0.0058% }
class StockMarketCapPercent { Sort=872, Code=1616, Name=億泰, Percent=0.0027% }
class StockMarketCapPercent { Sort=780, Code=1617, Name=榮星, Percent=0.0055% }
class StockMarketCapPercent { Sort=753, Code=1618, Name=合機, Percent=0.0062% }
class StockMarketCapPercent { Sort=558, Code=1626, Name=艾美特-KY, Percent=0.0131% }
class StockMarketCapPercent { Sort=495, Code=1701, Name=中化, Percent=0.0174% }
class StockMarketCapPercent { Sort=242, Code=1702, Name=南僑, Percent=0.0473% }
class StockMarketCapPercent { Sort=154, Code=1707, Name=葡萄王, Percent=0.0827% }
class StockMarketCapPercent { Sort=504, Code=1708, Name=東鹼, Percent=0.0171% }
class StockMarketCapPercent { Sort=452, Code=1709, Name=和益, Percent=0.0201% }
class StockMarketCapPercent { Sort=204, Code=1710, Name=東聯, Percent=0.0593% }
class StockMarketCapPercent { Sort=362, Code=1711, Name=永光, Percent=0.0280% }
class StockMarketCapPercent { Sort=395, Code=1712, Name=興農, Percent=0.0247% }
class StockMarketCapPercent { Sort=670, Code=1713, Name=國化, Percent=0.0086% }
class StockMarketCapPercent { Sort=417, Code=1714, Name=和桐, Percent=0.0224% }
class StockMarketCapPercent { Sort=130, Code=1717, Name=長興, Percent=0.0963% }
class StockMarketCapPercent { Sort=265, Code=1718, Name=中纖, Percent=0.0413% }
class StockMarketCapPercent { Sort=481, Code=1720, Name=生達, Percent=0.0181% }
class StockMarketCapPercent { Sort=759, Code=1721, Name=三晃, Percent=0.0060% }
class StockMarketCapPercent { Sort=94, Code=1722, Name=台肥, Percent=0.1399% }
class StockMarketCapPercent { Sort=135, Code=1723, Name=中碳, Percent=0.0939% }
class StockMarketCapPercent { Sort=792, Code=1724, Name=台硝, Percent=0.0052% }
class StockMarketCapPercent { Sort=687, Code=1725, Name=元禎, Percent=0.0081% }
class StockMarketCapPercent { Sort=298, Code=1726, Name=永記, Percent=0.0353% }
class StockMarketCapPercent { Sort=821, Code=1727, Name=中華化, Percent=0.0043% }
class StockMarketCapPercent { Sort=517, Code=1730, Name=花仙子, Percent=0.0160% }
class StockMarketCapPercent { Sort=782, Code=1731, Name=美吾華, Percent=0.0055% }
class StockMarketCapPercent { Sort=907, Code=1732, Name=毛寶, Percent=0.0013% }
class StockMarketCapPercent { Sort=669, Code=1733, Name=五鼎, Percent=0.0086% }
class StockMarketCapPercent { Sort=621, Code=1734, Name=杏輝, Percent=0.0102% }
class StockMarketCapPercent { Sort=804, Code=1735, Name=日勝化, Percent=0.0049% }
class StockMarketCapPercent { Sort=152, Code=1736, Name=喬山, Percent=0.0831% }
class StockMarketCapPercent { Sort=435, Code=1737, Name=臺鹽, Percent=0.0212% }
class StockMarketCapPercent { Sort=440, Code=1760, Name=寶齡富錦, Percent=0.0209% }
class StockMarketCapPercent { Sort=688, Code=1762, Name=中化生, Percent=0.0081% }
class StockMarketCapPercent { Sort=275, Code=1773, Name=勝一, Percent=0.0390% }
class StockMarketCapPercent { Sort=859, Code=1776, Name=展宇, Percent=0.0033% }
class StockMarketCapPercent { Sort=777, Code=1783, Name=和康生, Percent=0.0056% }
class StockMarketCapPercent { Sort=559, Code=1786, Name=科妍, Percent=0.0130% }
class StockMarketCapPercent { Sort=208, Code=1789, Name=神隆, Percent=0.0582% }
class StockMarketCapPercent { Sort=117, Code=1802, Name=台玻, Percent=0.1065% }
class StockMarketCapPercent { Sort=879, Code=1805, Name=寶徠, Percent=0.0024% }
class StockMarketCapPercent { Sort=656, Code=1806, Name=冠軍, Percent=0.0089% }
class StockMarketCapPercent { Sort=203, Code=1808, Name=潤隆, Percent=0.0596% }
class StockMarketCapPercent { Sort=726, Code=1809, Name=中釉, Percent=0.0071% }
class StockMarketCapPercent { Sort=657, Code=1810, Name=和成, Percent=0.0088% }
class StockMarketCapPercent { Sort=694, Code=1817, Name=凱撒衛, Percent=0.0080% }
class StockMarketCapPercent { Sort=388, Code=1902, Name=台紙, Percent=0.0252% }
class StockMarketCapPercent { Sort=382, Code=1903, Name=士紙, Percent=0.0259% }
class StockMarketCapPercent { Sort=197, Code=1904, Name=正隆, Percent=0.0612% }
class StockMarketCapPercent { Sort=303, Code=1905, Name=華紙, Percent=0.0347% }
class StockMarketCapPercent { Sort=760, Code=1906, Name=寶隆, Percent=0.0059% }
class StockMarketCapPercent { Sort=199, Code=1907, Name=永豐餘, Percent=0.0603% }
class StockMarketCapPercent { Sort=231, Code=1909, Name=榮成, Percent=0.0516% }
class StockMarketCapPercent { Sort=17, Code=2002, Name=中鋼, Percent=1.1456% }
class StockMarketCapPercent { Sort=184, Code=2006, Name=東和鋼鐵, Percent=0.0655% }
class StockMarketCapPercent { Sort=695, Code=2007, Name=燁興, Percent=0.0080% }
class StockMarketCapPercent { Sort=704, Code=2008, Name=高興昌, Percent=0.0078% }
class StockMarketCapPercent { Sort=590, Code=2009, Name=第一銅, Percent=0.0115% }
class StockMarketCapPercent { Sort=441, Code=2010, Name=春源, Percent=0.0208% }
class StockMarketCapPercent { Sort=475, Code=2012, Name=春雨, Percent=0.0184% }
class StockMarketCapPercent { Sort=536, Code=2013, Name=中鋼構, Percent=0.0150% }
class StockMarketCapPercent { Sort=254, Code=2014, Name=中鴻, Percent=0.0448% }
class StockMarketCapPercent { Sort=124, Code=2015, Name=豐興, Percent=0.0999% }
class StockMarketCapPercent { Sort=713, Code=2017, Name=官田鋼, Percent=0.0075% }
class StockMarketCapPercent { Sort=613, Code=2020, Name=美亞, Percent=0.0106% }
class StockMarketCapPercent { Sort=629, Code=2022, Name=聚亨, Percent=0.0100% }
class StockMarketCapPercent { Sort=222, Code=2023, Name=燁輝, Percent=0.0543% }
class StockMarketCapPercent { Sort=858, Code=2024, Name=志聯, Percent=0.0033% }
class StockMarketCapPercent { Sort=92, Code=2027, Name=大成鋼, Percent=0.1478% }
class StockMarketCapPercent { Sort=643, Code=2028, Name=威致, Percent=0.0094% }
class StockMarketCapPercent { Sort=454, Code=2029, Name=盛餘, Percent=0.0196% }
class StockMarketCapPercent { Sort=591, Code=2030, Name=彰源, Percent=0.0115% }
class StockMarketCapPercent { Sort=375, Code=2031, Name=新光鋼, Percent=0.0264% }
class StockMarketCapPercent { Sort=844, Code=2032, Name=新鋼, Percent=0.0037% }
class StockMarketCapPercent { Sort=884, Code=2033, Name=佳大, Percent=0.0023% }
class StockMarketCapPercent { Sort=314, Code=2034, Name=允強, Percent=0.0334% }
class StockMarketCapPercent { Sort=834, Code=2038, Name=海光, Percent=0.0040% }
class StockMarketCapPercent { Sort=61, Code=2049, Name=上銀, Percent=0.2478% }
class StockMarketCapPercent { Sort=128, Code=2059, Name=川湖, Percent=0.0983% }
class StockMarketCapPercent { Sort=528, Code=2062, Name=橋椿, Percent=0.0155% }
class StockMarketCapPercent { Sort=622, Code=2069, Name=運錩, Percent=0.0102% }
class StockMarketCapPercent { Sort=123, Code=2101, Name=南港, Percent=0.1004% }
class StockMarketCapPercent { Sort=496, Code=2102, Name=泰豐, Percent=0.0174% }
class StockMarketCapPercent { Sort=193, Code=2103, Name=台橡, Percent=0.0619% }
class StockMarketCapPercent { Sort=126, Code=2104, Name=國際中橡, Percent=0.0996% }
class StockMarketCapPercent { Sort=41, Code=2105, Name=正新, Percent=0.4485% }
class StockMarketCapPercent { Sort=159, Code=2106, Name=建大, Percent=0.0811% }
class StockMarketCapPercent { Sort=444, Code=2107, Name=厚生, Percent=0.0205% }
class StockMarketCapPercent { Sort=233, Code=2108, Name=南帝, Percent=0.0505% }
class StockMarketCapPercent { Sort=585, Code=2109, Name=華豐, Percent=0.0117% }
class StockMarketCapPercent { Sort=469, Code=2114, Name=鑫永銓, Percent=0.0186% }
class StockMarketCapPercent { Sort=607, Code=2115, Name=六暉-KY, Percent=0.0108% }
class StockMarketCapPercent { Sort=122, Code=2201, Name=裕隆, Percent=0.1034% }
class StockMarketCapPercent { Sort=116, Code=2204, Name=中華, Percent=0.1088% }
class StockMarketCapPercent { Sort=219, Code=2206, Name=三陽工業, Percent=0.0549% }
class StockMarketCapPercent { Sort=24, Code=2207, Name=和泰車, Percent=0.7601% }
class StockMarketCapPercent { Sort=286, Code=2208, Name=台船, Percent=0.0375% }
class StockMarketCapPercent { Sort=66, Code=2227, Name=裕日車, Percent=0.2330% }
class StockMarketCapPercent { Sort=338, Code=2228, Name=劍麟, Percent=0.0311% }
class StockMarketCapPercent { Sort=113, Code=2231, Name=為升, Percent=0.1107% }
class StockMarketCapPercent { Sort=860, Code=2236, Name=百達-KY, Percent=0.0032% }
class StockMarketCapPercent { Sort=284, Code=2239, Name=英利-KY, Percent=0.0380% }
class StockMarketCapPercent { Sort=893, Code=2243, Name=宏旭-KY, Percent=0.0021% }
class StockMarketCapPercent { Sort=45, Code=2301, Name=光寶科, Percent=0.3697% }
class StockMarketCapPercent { Sort=830, Code=2302, Name=麗正, Percent=0.0041% }
class StockMarketCapPercent { Sort=35, Code=2303, Name=聯電, Percent=0.4959% }
class StockMarketCapPercent { Sort=843, Code=2305, Name=全友, Percent=0.0038% }
class StockMarketCapPercent { Sort=16, Code=2308, Name=台達電, Percent=1.1968% }
class StockMarketCapPercent { Sort=243, Code=2312, Name=金寶, Percent=0.0470% }
class StockMarketCapPercent { Sort=110, Code=2313, Name=華通, Percent=0.1203% }
class StockMarketCapPercent { Sort=497, Code=2314, Name=台揚, Percent=0.0174% }
class StockMarketCapPercent { Sort=364, Code=2316, Name=楠梓電, Percent=0.0278% }
class StockMarketCapPercent { Sort=2, Code=2317, Name=鴻海, Percent=3.2350% }
class StockMarketCapPercent { Sort=259, Code=2323, Name=中環, Percent=0.0427% }
class StockMarketCapPercent { Sort=60, Code=2324, Name=仁寶, Percent=0.2488% }
class StockMarketCapPercent { Sort=54, Code=2327, Name=國巨, Percent=0.3049% }
class StockMarketCapPercent { Sort=274, Code=2328, Name=廣宇, Percent=0.0390% }
class StockMarketCapPercent { Sort=323, Code=2329, Name=華泰, Percent=0.0322% }
class StockMarketCapPercent { Sort=1, Code=2330, Name=台積電, Percent=21.1215% }
class StockMarketCapPercent { Sort=428, Code=2331, Name=精英, Percent=0.0218% }
class StockMarketCapPercent { Sort=383, Code=2332, Name=友訊, Percent=0.0259% }
class StockMarketCapPercent { Sort=89, Code=2337, Name=旺宏, Percent=0.1594% }
class StockMarketCapPercent { Sort=404, Code=2338, Name=光罩, Percent=0.0235% }
class StockMarketCapPercent { Sort=322, Code=2340, Name=光磊, Percent=0.0324% }
class StockMarketCapPercent { Sort=628, Code=2342, Name=茂矽, Percent=0.0100% }
class StockMarketCapPercent { Sort=70, Code=2344, Name=華邦電, Percent=0.2134% }
class StockMarketCapPercent { Sort=55, Code=2345, Name=智邦, Percent=0.2903% }
class StockMarketCapPercent { Sort=76, Code=2347, Name=聯強, Percent=0.1941% }
class StockMarketCapPercent { Sort=575, Code=2348, Name=海悅, Percent=0.0123% }
class StockMarketCapPercent { Sort=305, Code=2349, Name=錸德, Percent=0.0345% }
class StockMarketCapPercent { Sort=297, Code=2351, Name=順德, Percent=0.0353% }
class StockMarketCapPercent { Sort=105, Code=2352, Name=佳世達, Percent=0.1240% }
class StockMarketCapPercent { Sort=87, Code=2353, Name=宏碁, Percent=0.1663% }
class StockMarketCapPercent { Sort=56, Code=2354, Name=鴻準, Percent=0.2820% }
class StockMarketCapPercent { Sort=270, Code=2355, Name=敬鵬, Percent=0.0399% }
class StockMarketCapPercent { Sort=63, Code=2356, Name=英業達, Percent=0.2426% }
class StockMarketCapPercent { Sort=37, Code=2357, Name=華碩, Percent=0.4765% }
class StockMarketCapPercent { Sort=857, Code=2358, Name=廷鑫, Percent=0.0034% }
class StockMarketCapPercent { Sort=592, Code=2359, Name=所羅門, Percent=0.0115% }
class StockMarketCapPercent { Sort=74, Code=2360, Name=致茂, Percent=0.1995% }
class StockMarketCapPercent { Sort=186, Code=2362, Name=藍天, Percent=0.0642% }
class StockMarketCapPercent { Sort=545, Code=2363, Name=矽統, Percent=0.0139% }
class StockMarketCapPercent { Sort=771, Code=2365, Name=昆盈, Percent=0.0058% }
class StockMarketCapPercent { Sort=209, Code=2367, Name=燿華, Percent=0.0582% }
class StockMarketCapPercent { Sort=392, Code=2368, Name=金像電, Percent=0.0248% }
class StockMarketCapPercent { Sort=615, Code=2369, Name=菱生, Percent=0.0105% }
class StockMarketCapPercent { Sort=106, Code=2371, Name=大同, Percent=0.1240% }
class StockMarketCapPercent { Sort=171, Code=2373, Name=震旦行, Percent=0.0710% }
class StockMarketCapPercent { Sort=537, Code=2374, Name=佳能, Percent=0.0150% }
class StockMarketCapPercent { Sort=619, Code=2375, Name=智寶, Percent=0.0103% }
class StockMarketCapPercent { Sort=118, Code=2376, Name=技嘉, Percent=0.1056% }
class StockMarketCapPercent { Sort=67, Code=2377, Name=微星, Percent=0.2227% }
class StockMarketCapPercent { Sort=50, Code=2379, Name=瑞昱, Percent=0.3436% }
class StockMarketCapPercent { Sort=888, Code=2380, Name=虹光, Percent=0.0022% }
class StockMarketCapPercent { Sort=27, Code=2382, Name=廣達, Percent=0.6864% }
class StockMarketCapPercent { Sort=97, Code=2383, Name=台光電, Percent=0.1327% }
class StockMarketCapPercent { Sort=73, Code=2385, Name=群光, Percent=0.2037% }
class StockMarketCapPercent { Sort=409, Code=2387, Name=精元, Percent=0.0230% }
class StockMarketCapPercent { Sort=235, Code=2388, Name=威盛, Percent=0.0492% }
class StockMarketCapPercent { Sort=711, Code=2390, Name=云辰, Percent=0.0075% }
class StockMarketCapPercent { Sort=213, Code=2392, Name=正崴, Percent=0.0558% }
class StockMarketCapPercent { Sort=283, Code=2393, Name=億光, Percent=0.0383% }
class StockMarketCapPercent { Sort=32, Code=2395, Name=研華, Percent=0.5870% }
class StockMarketCapPercent { Sort=334, Code=2397, Name=友通, Percent=0.0314% }
class StockMarketCapPercent { Sort=752, Code=2399, Name=映泰, Percent=0.0062% }
class StockMarketCapPercent { Sort=386, Code=2401, Name=凌陽, Percent=0.0255% }
class StockMarketCapPercent { Sort=518, Code=2402, Name=毅嘉, Percent=0.0159% }
class StockMarketCapPercent { Sort=140, Code=2404, Name=漢唐, Percent=0.0929% }
class StockMarketCapPercent { Sort=566, Code=2405, Name=浩鑫, Percent=0.0127% }
class StockMarketCapPercent { Sort=668, Code=2406, Name=國碩, Percent=0.0086% }
class StockMarketCapPercent { Sort=28, Code=2408, Name=南亞科, Percent=0.6761% }
class StockMarketCapPercent { Sort=62, Code=2409, Name=友達, Percent=0.2476% }
class StockMarketCapPercent { Sort=4, Code=2412, Name=中華電, Percent=2.6593% }
class StockMarketCapPercent { Sort=736, Code=2413, Name=環科, Percent=0.0068% }
class StockMarketCapPercent { Sort=608, Code=2414, Name=精技, Percent=0.0108% }
class StockMarketCapPercent { Sort=795, Code=2415, Name=錩新, Percent=0.0052% }
class StockMarketCapPercent { Sort=742, Code=2417, Name=圓剛, Percent=0.0065% }
class StockMarketCapPercent { Sort=551, Code=2419, Name=仲琦, Percent=0.0136% }
class StockMarketCapPercent { Sort=508, Code=2420, Name=新巨, Percent=0.0168% }
class StockMarketCapPercent { Sort=345, Code=2421, Name=建準, Percent=0.0300% }
class StockMarketCapPercent { Sort=581, Code=2423, Name=固緯, Percent=0.0119% }
class StockMarketCapPercent { Sort=867, Code=2424, Name=隴華, Percent=0.0029% }
class StockMarketCapPercent { Sort=651, Code=2425, Name=承啟, Percent=0.0091% }
class StockMarketCapPercent { Sort=538, Code=2426, Name=鼎元, Percent=0.0148% }
class StockMarketCapPercent { Sort=758, Code=2427, Name=三商電, Percent=0.0060% }
class StockMarketCapPercent { Sort=318, Code=2428, Name=興勤, Percent=0.0328% }
class StockMarketCapPercent { Sort=903, Code=2429, Name=銘旺科, Percent=0.0015% }
class StockMarketCapPercent { Sort=645, Code=2430, Name=燦坤, Percent=0.0094% }
class StockMarketCapPercent { Sort=851, Code=2431, Name=聯昌, Percent=0.0036% }
class StockMarketCapPercent { Sort=423, Code=2433, Name=互盛電, Percent=0.0219% }
class StockMarketCapPercent { Sort=532, Code=2436, Name=偉詮電, Percent=0.0153% }
class StockMarketCapPercent { Sort=895, Code=2438, Name=翔耀, Percent=0.0018% }
class StockMarketCapPercent { Sort=134, Code=2439, Name=美律, Percent=0.0943% }
class StockMarketCapPercent { Sort=852, Code=2440, Name=太空梭, Percent=0.0035% }
class StockMarketCapPercent { Sort=166, Code=2441, Name=超豐, Percent=0.0738% }
class StockMarketCapPercent { Sort=630, Code=2442, Name=新美齊, Percent=0.0100% }
class StockMarketCapPercent { Sort=906, Code=2443, Name=新利虹, Percent=0.0014% }
class StockMarketCapPercent { Sort=737, Code=2444, Name=兆勁, Percent=0.0067% }
class StockMarketCapPercent { Sort=161, Code=2448, Name=晶電, Percent=0.0789% }
class StockMarketCapPercent { Sort=99, Code=2449, Name=京元電子, Percent=0.1313% }
class StockMarketCapPercent { Sort=391, Code=2450, Name=神腦, Percent=0.0249% }
class StockMarketCapPercent { Sort=146, Code=2451, Name=創見, Percent=0.0893% }
class StockMarketCapPercent { Sort=796, Code=2453, Name=凌群, Percent=0.0051% }
class StockMarketCapPercent { Sort=6, Code=2454, Name=聯發科, Percent=1.8374% }
class StockMarketCapPercent { Sort=221, Code=2455, Name=全新, Percent=0.0543% }
class StockMarketCapPercent { Sort=201, Code=2456, Name=奇力新, Percent=0.0602% }
class StockMarketCapPercent { Sort=644, Code=2457, Name=飛宏, Percent=0.0094% }
class StockMarketCapPercent { Sort=158, Code=2458, Name=義隆, Percent=0.0814% }
class StockMarketCapPercent { Sort=576, Code=2459, Name=敦吉, Percent=0.0122% }
class StockMarketCapPercent { Sort=794, Code=2460, Name=建通, Percent=0.0052% }
class StockMarketCapPercent { Sort=572, Code=2461, Name=光群雷, Percent=0.0125% }
class StockMarketCapPercent { Sort=600, Code=2462, Name=良得電, Percent=0.0112% }
class StockMarketCapPercent { Sort=384, Code=2464, Name=盟立, Percent=0.0256% }
class StockMarketCapPercent { Sort=894, Code=2465, Name=麗臺, Percent=0.0019% }
class StockMarketCapPercent { Sort=516, Code=2466, Name=冠西電, Percent=0.0160% }
class StockMarketCapPercent { Sort=554, Code=2467, Name=志聖, Percent=0.0133% }
class StockMarketCapPercent { Sort=870, Code=2468, Name=華經, Percent=0.0028% }
class StockMarketCapPercent { Sort=871, Code=2471, Name=資通, Percent=0.0028% }
class StockMarketCapPercent { Sort=494, Code=2472, Name=立隆電, Percent=0.0174% }
class StockMarketCapPercent { Sort=33, Code=2474, Name=可成, Percent=0.5342% }
class StockMarketCapPercent { Sort=550, Code=2476, Name=鉅祥, Percent=0.0136% }
class StockMarketCapPercent { Sort=561, Code=2477, Name=美隆電, Percent=0.0129% }
class StockMarketCapPercent { Sort=422, Code=2478, Name=大毅, Percent=0.0220% }
class StockMarketCapPercent { Sort=503, Code=2480, Name=敦陽科, Percent=0.0171% }
class StockMarketCapPercent { Sort=328, Code=2481, Name=強茂, Percent=0.0318% }
class StockMarketCapPercent { Sort=892, Code=2482, Name=連宇, Percent=0.0021% }
class StockMarketCapPercent { Sort=721, Code=2483, Name=百容, Percent=0.0072% }
class StockMarketCapPercent { Sort=616, Code=2484, Name=希華, Percent=0.0105% }
class StockMarketCapPercent { Sort=402, Code=2485, Name=兆赫, Percent=0.0237% }
class StockMarketCapPercent { Sort=784, Code=2486, Name=一詮, Percent=0.0055% }
class StockMarketCapPercent { Sort=640, Code=2488, Name=漢平, Percent=0.0096% }
class StockMarketCapPercent { Sort=366, Code=2489, Name=瑞軒, Percent=0.0276% }
class StockMarketCapPercent { Sort=902, Code=2491, Name=吉祥全, Percent=0.0016% }
class StockMarketCapPercent { Sort=64, Code=2492, Name=華新科, Percent=0.2414% }
class StockMarketCapPercent { Sort=631, Code=2493, Name=揚博, Percent=0.0099% }
class StockMarketCapPercent { Sort=593, Code=2495, Name=普安, Percent=0.0114% }
class StockMarketCapPercent { Sort=826, Code=2496, Name=卓越, Percent=0.0042% }
class StockMarketCapPercent { Sort=666, Code=2497, Name=怡利電, Percent=0.0087% }
class StockMarketCapPercent { Sort=145, Code=2498, Name=宏達電, Percent=0.0895% }
class StockMarketCapPercent { Sort=641, Code=2499, Name=東貝, Percent=0.0096% }
class StockMarketCapPercent { Sort=165, Code=2501, Name=國建, Percent=0.0742% }
class StockMarketCapPercent { Sort=301, Code=2504, Name=國產, Percent=0.0349% }
class StockMarketCapPercent { Sort=373, Code=2505, Name=國揚, Percent=0.0266% }
class StockMarketCapPercent { Sort=543, Code=2506, Name=太設, Percent=0.0142% }
class StockMarketCapPercent { Sort=524, Code=2509, Name=全坤建, Percent=0.0157% }
class StockMarketCapPercent { Sort=214, Code=2511, Name=太子, Percent=0.0556% }
class StockMarketCapPercent { Sort=399, Code=2514, Name=龍邦, Percent=0.0241% }
class StockMarketCapPercent { Sort=292, Code=2515, Name=中工, Percent=0.0363% }
class StockMarketCapPercent { Sort=823, Code=2516, Name=新建, Percent=0.0043% }
class StockMarketCapPercent { Sort=245, Code=2520, Name=冠德, Percent=0.0466% }
class StockMarketCapPercent { Sort=300, Code=2524, Name=京城, Percent=0.0350% }
class StockMarketCapPercent { Sort=464, Code=2527, Name=宏璟, Percent=0.0190% }
class StockMarketCapPercent { Sort=623, Code=2528, Name=皇普, Percent=0.0102% }
class StockMarketCapPercent { Sort=547, Code=2530, Name=華建, Percent=0.0138% }
class StockMarketCapPercent { Sort=246, Code=2534, Name=宏盛, Percent=0.0465% }
class StockMarketCapPercent { Sort=485, Code=2535, Name=達欣工, Percent=0.0180% }
class StockMarketCapPercent { Sort=439, Code=2536, Name=宏普, Percent=0.0209% }
class StockMarketCapPercent { Sort=667, Code=2537, Name=聯上發, Percent=0.0087% }
class StockMarketCapPercent { Sort=525, Code=2538, Name=基泰, Percent=0.0156% }
class StockMarketCapPercent { Sort=263, Code=2539, Name=櫻花建, Percent=0.0418% }
class StockMarketCapPercent { Sort=601, Code=2540, Name=愛山林, Percent=0.0110% }
class StockMarketCapPercent { Sort=82, Code=2542, Name=興富發, Percent=0.1816% }
class StockMarketCapPercent { Sort=787, Code=2543, Name=皇昌, Percent=0.0054% }
class StockMarketCapPercent { Sort=329, Code=2545, Name=皇翔, Percent=0.0317% }
class StockMarketCapPercent { Sort=579, Code=2546, Name=根基, Percent=0.0120% }
class StockMarketCapPercent { Sort=311, Code=2547, Name=日勝生, Percent=0.0340% }
class StockMarketCapPercent { Sort=174, Code=2548, Name=華固, Percent=0.0701% }
class StockMarketCapPercent { Sort=408, Code=2597, Name=潤弘, Percent=0.0230% }
class StockMarketCapPercent { Sort=400, Code=2601, Name=益航, Percent=0.0240% }
class StockMarketCapPercent { Sort=81, Code=2603, Name=長榮, Percent=0.1824% }
class StockMarketCapPercent { Sort=352, Code=2605, Name=新興, Percent=0.0297% }
class StockMarketCapPercent { Sort=143, Code=2606, Name=裕民, Percent=0.0918% }
class StockMarketCapPercent { Sort=252, Code=2607, Name=榮運, Percent=0.0450% }
class StockMarketCapPercent { Sort=220, Code=2608, Name=嘉里大榮, Percent=0.0546% }
class StockMarketCapPercent { Sort=230, Code=2609, Name=陽明, Percent=0.0517% }
class StockMarketCapPercent { Sort=90, Code=2610, Name=華航, Percent=0.1575% }
class StockMarketCapPercent { Sort=822, Code=2611, Name=志信, Percent=0.0043% }
class StockMarketCapPercent { Sort=438, Code=2612, Name=中航, Percent=0.0211% }
class StockMarketCapPercent { Sort=748, Code=2613, Name=中櫃, Percent=0.0063% }
class StockMarketCapPercent { Sort=501, Code=2614, Name=東森, Percent=0.0172% }
class StockMarketCapPercent { Sort=98, Code=2615, Name=萬海, Percent=0.1326% }
class StockMarketCapPercent { Sort=565, Code=2616, Name=山隆, Percent=0.0128% }
class StockMarketCapPercent { Sort=372, Code=2617, Name=台航, Percent=0.0267% }
class StockMarketCapPercent { Sort=72, Code=2618, Name=長榮航, Percent=0.2097% }
class StockMarketCapPercent { Sort=720, Code=2630, Name=亞航, Percent=0.0072% }
class StockMarketCapPercent { Sort=53, Code=2633, Name=台灣高鐵, Percent=0.3133% }
class StockMarketCapPercent { Sort=138, Code=2634, Name=漢翔, Percent=0.0932% }
class StockMarketCapPercent { Sort=665, Code=2636, Name=台驊投控, Percent=0.0087% }
class StockMarketCapPercent { Sort=187, Code=2637, Name=慧洋-KY, Percent=0.0641% }
class StockMarketCapPercent { Sort=686, Code=2642, Name=宅配通, Percent=0.0081% }
class StockMarketCapPercent { Sort=467, Code=2701, Name=萬企, Percent=0.0187% }
class StockMarketCapPercent { Sort=749, Code=2702, Name=華園, Percent=0.0063% }
class StockMarketCapPercent { Sort=393, Code=2704, Name=國賓, Percent=0.0248% }
class StockMarketCapPercent { Sort=706, Code=2705, Name=六福, Percent=0.0076% }
class StockMarketCapPercent { Sort=411, Code=2706, Name=第一店, Percent=0.0230% }
class StockMarketCapPercent { Sort=183, Code=2707, Name=晶華, Percent=0.0656% }
class StockMarketCapPercent { Sort=492, Code=2712, Name=遠雄來, Percent=0.0175% }
class StockMarketCapPercent { Sort=658, Code=2722, Name=夏都, Percent=0.0088% }
class StockMarketCapPercent { Sort=149, Code=2723, Name=美食-KY, Percent=0.0849% }
class StockMarketCapPercent { Sort=476, Code=2727, Name=王品, Percent=0.0184% }
class StockMarketCapPercent { Sort=502, Code=2731, Name=雄獅, Percent=0.0171% }
class StockMarketCapPercent { Sort=659, Code=2739, Name=寒舍, Percent=0.0088% }
class StockMarketCapPercent { Sort=580, Code=2748, Name=雲品, Percent=0.0120% }
class StockMarketCapPercent { Sort=31, Code=2801, Name=彰銀, Percent=0.6343% }
class StockMarketCapPercent { Sort=114, Code=2809, Name=京城銀, Percent=0.1104% }
class StockMarketCapPercent { Sort=95, Code=2812, Name=台中銀, Percent=0.1376% }
class StockMarketCapPercent { Sort=552, Code=2816, Name=旺旺保, Percent=0.0135% }
class StockMarketCapPercent { Sort=191, Code=2820, Name=華票, Percent=0.0623% }
class StockMarketCapPercent { Sort=49, Code=2823, Name=中壽, Percent=0.3453% }
class StockMarketCapPercent { Sort=410, Code=2832, Name=台產, Percent=0.0230% }
class StockMarketCapPercent { Sort=57, Code=2834, Name=臺企銀, Percent=0.2597% }
class StockMarketCapPercent { Sort=330, Code=2836, Name=高雄銀, Percent=0.0317% }
class StockMarketCapPercent { Sort=142, Code=2838, Name=聯邦銀, Percent=0.0921% }
class StockMarketCapPercent { Sort=450, Code=2841, Name=台開, Percent=0.0202% }
class StockMarketCapPercent { Sort=108, Code=2845, Name=遠東銀, Percent=0.1224% }
class StockMarketCapPercent { Sort=182, Code=2849, Name=安泰銀, Percent=0.0659% }
class StockMarketCapPercent { Sort=287, Code=2850, Name=新產, Percent=0.0373% }
class StockMarketCapPercent { Sort=316, Code=2851, Name=中再保, Percent=0.0331% }
class StockMarketCapPercent { Sort=553, Code=2852, Name=第一保, Percent=0.0135% }
class StockMarketCapPercent { Sort=218, Code=2855, Name=統一證, Percent=0.0550% }
class StockMarketCapPercent { Sort=163, Code=2867, Name=三商壽, Percent=0.0783% }
class StockMarketCapPercent { Sort=23, Code=2880, Name=華南金, Percent=0.7637% }
class StockMarketCapPercent { Sort=11, Code=2881, Name=富邦金, Percent=1.4048% }
class StockMarketCapPercent { Sort=10, Code=2882, Name=國泰金, Percent=1.5864% }
class StockMarketCapPercent { Sort=43, Code=2883, Name=開發金, Percent=0.4278% }
class StockMarketCapPercent { Sort=20, Code=2884, Name=玉山金, Percent=0.9227% }
class StockMarketCapPercent { Sort=29, Code=2885, Name=元大金, Percent=0.6634% }
class StockMarketCapPercent { Sort=14, Code=2886, Name=兆豐金, Percent=1.2297% }
class StockMarketCapPercent { Sort=40, Code=2887, Name=台新金, Percent=0.4491% }
class StockMarketCapPercent { Sort=48, Code=2888, Name=新光金, Percent=0.3547% }
class StockMarketCapPercent { Sort=141, Code=2889, Name=國票金, Percent=0.0927% }
class StockMarketCapPercent { Sort=44, Code=2890, Name=永豐金, Percent=0.4200% }
class StockMarketCapPercent { Sort=13, Code=2891, Name=中信金, Percent=1.2478% }
class StockMarketCapPercent { Sort=21, Code=2892, Name=第一金, Percent=0.8426% }
class StockMarketCapPercent { Sort=210, Code=2897, Name=王道銀行, Percent=0.0579% }
class StockMarketCapPercent { Sort=788, Code=2901, Name=欣欣, Percent=0.0053% }
class StockMarketCapPercent { Sort=119, Code=2903, Name=遠百, Percent=0.1054% }
class StockMarketCapPercent { Sort=793, Code=2904, Name=匯僑, Percent=0.0052% }
class StockMarketCapPercent { Sort=240, Code=2905, Name=三商, Percent=0.0474% }
class StockMarketCapPercent { Sort=710, Code=2906, Name=高林, Percent=0.0075% }
class StockMarketCapPercent { Sort=307, Code=2908, Name=特力, Percent=0.0342% }
class StockMarketCapPercent { Sort=489, Code=2910, Name=統領, Percent=0.0177% }
class StockMarketCapPercent { Sort=836, Code=2911, Name=麗嬰房, Percent=0.0039% }
class StockMarketCapPercent { Sort=19, Code=2912, Name=統一超, Percent=0.9547% }
class StockMarketCapPercent { Sort=306, Code=2913, Name=農林, Percent=0.0345% }
class StockMarketCapPercent { Sort=107, Code=2915, Name=潤泰全, Percent=0.1238% }
class StockMarketCapPercent { Sort=102, Code=2923, Name=鼎固-KY, Percent=0.1303% }
class StockMarketCapPercent { Sort=387, Code=2929, Name=淘帝-KY, Percent=0.0254% }
class StockMarketCapPercent { Sort=783, Code=2936, Name=客思達-KY, Percent=0.0055% }
class StockMarketCapPercent { Sort=527, Code=2939, Name=凱羿-KY, Percent=0.0155% }
class StockMarketCapPercent { Sort=855, Code=3002, Name=歐格, Percent=0.0034% }
class StockMarketCapPercent { Sort=456, Code=3003, Name=健和興, Percent=0.0195% }
class StockMarketCapPercent { Sort=493, Code=3004, Name=豐達科, Percent=0.0174% }
class StockMarketCapPercent { Sort=148, Code=3005, Name=神基, Percent=0.0863% }
class StockMarketCapPercent { Sort=354, Code=3006, Name=晶豪科, Percent=0.0289% }
class StockMarketCapPercent { Sort=8, Code=3008, Name=大立光, Percent=1.6411% }
class StockMarketCapPercent { Sort=276, Code=3010, Name=華立, Percent=0.0389% }
class StockMarketCapPercent { Sort=878, Code=3011, Name=今皓, Percent=0.0025% }
class StockMarketCapPercent { Sort=719, Code=3013, Name=晟銘電, Percent=0.0072% }
class StockMarketCapPercent { Sort=479, Code=3014, Name=聯陽, Percent=0.0182% }
class StockMarketCapPercent { Sort=594, Code=3015, Name=全漢, Percent=0.0113% }
class StockMarketCapPercent { Sort=262, Code=3016, Name=嘉晶, Percent=0.0423% }
class StockMarketCapPercent { Sort=244, Code=3017, Name=奇鋐, Percent=0.0469% }
class StockMarketCapPercent { Sort=774, Code=3018, Name=同開, Percent=0.0057% }
class StockMarketCapPercent { Sort=164, Code=3019, Name=亞光, Percent=0.0758% }
class StockMarketCapPercent { Sort=807, Code=3021, Name=鴻名, Percent=0.0048% }
class StockMarketCapPercent { Sort=127, Code=3023, Name=信邦, Percent=0.0991% }
class StockMarketCapPercent { Sort=773, Code=3024, Name=憶聲, Percent=0.0057% }
class StockMarketCapPercent { Sort=797, Code=3025, Name=星通, Percent=0.0051% }
class StockMarketCapPercent { Sort=250, Code=3026, Name=禾伸堂, Percent=0.0454% }
class StockMarketCapPercent { Sort=886, Code=3027, Name=盛達, Percent=0.0023% }
class StockMarketCapPercent { Sort=544, Code=3028, Name=增你強, Percent=0.0141% }
class StockMarketCapPercent { Sort=560, Code=3029, Name=零壹, Percent=0.0130% }
class StockMarketCapPercent { Sort=296, Code=3030, Name=德律, Percent=0.0357% }
class StockMarketCapPercent { Sort=684, Code=3031, Name=佰鴻, Percent=0.0082% }
class StockMarketCapPercent { Sort=685, Code=3032, Name=偉訓, Percent=0.0081% }
class StockMarketCapPercent { Sort=443, Code=3033, Name=威健, Percent=0.0207% }
class StockMarketCapPercent { Sort=47, Code=3034, Name=聯詠, Percent=0.3560% }
class StockMarketCapPercent { Sort=255, Code=3035, Name=智原, Percent=0.0444% }
class StockMarketCapPercent { Sort=172, Code=3036, Name=文曄, Percent=0.0710% }
class StockMarketCapPercent { Sort=79, Code=3037, Name=欣興, Percent=0.1848% }
class StockMarketCapPercent { Sort=639, Code=3038, Name=全台, Percent=0.0096% }
class StockMarketCapPercent { Sort=772, Code=3040, Name=遠見, Percent=0.0058% }
class StockMarketCapPercent { Sort=602, Code=3041, Name=揚智, Percent=0.0110% }
class StockMarketCapPercent { Sort=277, Code=3042, Name=晶技, Percent=0.0388% }
class StockMarketCapPercent { Sort=78, Code=3044, Name=健鼎, Percent=0.1876% }
class StockMarketCapPercent { Sort=15, Code=3045, Name=台灣大, Percent=1.2094% }
class StockMarketCapPercent { Sort=887, Code=3046, Name=建碁, Percent=0.0023% }
class StockMarketCapPercent { Sort=750, Code=3047, Name=訊舟, Percent=0.0063% }
class StockMarketCapPercent { Sort=612, Code=3048, Name=益登, Percent=0.0106% }
class StockMarketCapPercent { Sort=295, Code=3049, Name=和鑫, Percent=0.0358% }
class StockMarketCapPercent { Sort=803, Code=3050, Name=鈺德, Percent=0.0050% }
class StockMarketCapPercent { Sort=716, Code=3052, Name=夆典, Percent=0.0073% }
class StockMarketCapPercent { Sort=718, Code=3054, Name=立萬利, Percent=0.0072% }
class StockMarketCapPercent { Sort=707, Code=3055, Name=蔚華科, Percent=0.0076% }
class StockMarketCapPercent { Sort=514, Code=3056, Name=總太, Percent=0.0162% }
class StockMarketCapPercent { Sort=850, Code=3057, Name=喬鼎, Percent=0.0036% }
class StockMarketCapPercent { Sort=841, Code=3058, Name=立德, Percent=0.0038% }
class StockMarketCapPercent { Sort=431, Code=3059, Name=華晶科, Percent=0.0215% }
class StockMarketCapPercent { Sort=755, Code=3060, Name=銘異, Percent=0.0061% }
class StockMarketCapPercent { Sort=519, Code=3062, Name=建漢, Percent=0.0159% }
class StockMarketCapPercent { Sort=371, Code=3090, Name=日電貿, Percent=0.0267% }
class StockMarketCapPercent { Sort=815, Code=3094, Name=聯傑, Percent=0.0045% }
class StockMarketCapPercent { Sort=490, Code=3130, Name=一零四, Percent=0.0176% }
class StockMarketCapPercent { Sort=751, Code=3149, Name=正達, Percent=0.0062% }
class StockMarketCapPercent { Sort=717, Code=3164, Name=景岳, Percent=0.0073% }
class StockMarketCapPercent { Sort=682, Code=3167, Name=大量, Percent=0.0082% }
class StockMarketCapPercent { Sort=216, Code=3189, Name=景碩, Percent=0.0554% }
class StockMarketCapPercent { Sort=635, Code=3209, Name=全科, Percent=0.0098% }
class StockMarketCapPercent { Sort=866, Code=3229, Name=晟鈦, Percent=0.0030% }
class StockMarketCapPercent { Sort=68, Code=3231, Name=緯創, Percent=0.2226% }
class StockMarketCapPercent { Sort=567, Code=3257, Name=虹冠電, Percent=0.0126% }
class StockMarketCapPercent { Sort=526, Code=3266, Name=昇陽, Percent=0.0155% }
class StockMarketCapPercent { Sort=816, Code=3296, Name=勝德, Percent=0.0045% }
class StockMarketCapPercent { Sort=679, Code=3305, Name=昇貿, Percent=0.0085% }
class StockMarketCapPercent { Sort=896, Code=3308, Name=聯德, Percent=0.0018% }
class StockMarketCapPercent { Sort=689, Code=3311, Name=閎暉, Percent=0.0081% }
class StockMarketCapPercent { Sort=766, Code=3312, Name=弘憶股, Percent=0.0059% }
class StockMarketCapPercent { Sort=831, Code=3321, Name=同泰, Percent=0.0041% }
class StockMarketCapPercent { Sort=385, Code=3338, Name=泰碩, Percent=0.0256% }
class StockMarketCapPercent { Sort=699, Code=3346, Name=麗清, Percent=0.0078% }
class StockMarketCapPercent { Sort=653, Code=3356, Name=奇偶, Percent=0.0090% }
class StockMarketCapPercent { Sort=180, Code=3376, Name=新日興, Percent=0.0675% }
class StockMarketCapPercent { Sort=308, Code=3380, Name=明泰, Percent=0.0341% }
class StockMarketCapPercent { Sort=100, Code=3406, Name=玉晶光, Percent=0.1312% }
class StockMarketCapPercent { Sort=347, Code=3413, Name=京鼎, Percent=0.0299% }
class StockMarketCapPercent { Sort=633, Code=3416, Name=融程電, Percent=0.0099% }
class StockMarketCapPercent { Sort=740, Code=3419, Name=譁裕, Percent=0.0066% }
class StockMarketCapPercent { Sort=864, Code=3432, Name=台端, Percent=0.0030% }
class StockMarketCapPercent { Sort=725, Code=3437, Name=榮創, Percent=0.0071% }
class StockMarketCapPercent { Sort=125, Code=3443, Name=創意, Percent=0.0999% }
class StockMarketCapPercent { Sort=379, Code=3450, Name=聯鈞, Percent=0.0262% }
class StockMarketCapPercent { Sort=363, Code=3454, Name=晶睿, Percent=0.0279% }
class StockMarketCapPercent { Sort=69, Code=3481, Name=群創, Percent=0.2197% }
class StockMarketCapPercent { Sort=882, Code=3494, Name=誠研, Percent=0.0024% }
class StockMarketCapPercent { Sort=472, Code=3501, Name=維熹, Percent=0.0186% }
class StockMarketCapPercent { Sort=343, Code=3504, Name=揚明光, Percent=0.0303% }
class StockMarketCapPercent { Sort=418, Code=3515, Name=華擎, Percent=0.0224% }
class StockMarketCapPercent { Sort=775, Code=3518, Name=柏騰, Percent=0.0057% }
class StockMarketCapPercent { Sort=700, Code=3528, Name=安馳, Percent=0.0078% }
class StockMarketCapPercent { Sort=413, Code=3530, Name=晶相光, Percent=0.0226% }
class StockMarketCapPercent { Sort=104, Code=3532, Name=台勝科, Percent=0.1250% }
class StockMarketCapPercent { Sort=157, Code=3533, Name=嘉澤, Percent=0.0814% }
class StockMarketCapPercent { Sort=732, Code=3535, Name=晶彩科, Percent=0.0068% }
class StockMarketCapPercent { Sort=891, Code=3536, Name=誠創, Percent=0.0021% }
class StockMarketCapPercent { Sort=433, Code=3545, Name=敦泰, Percent=0.0214% }
class StockMarketCapPercent { Sort=838, Code=3550, Name=聯穎, Percent=0.0038% }
class StockMarketCapPercent { Sort=709, Code=3557, Name=嘉威, Percent=0.0075% }
class StockMarketCapPercent { Sort=248, Code=3563, Name=牧德, Percent=0.0456% }
class StockMarketCapPercent { Sort=223, Code=3576, Name=聯合再生, Percent=0.0539% }
class StockMarketCapPercent { Sort=522, Code=3583, Name=辛耘, Percent=0.0157% }
class StockMarketCapPercent { Sort=853, Code=3588, Name=通嘉, Percent=0.0035% }
class StockMarketCapPercent { Sort=799, Code=3591, Name=艾笛森, Percent=0.0051% }
class StockMarketCapPercent { Sort=908, Code=3593, Name=力銘, Percent=0.0013% }
class StockMarketCapPercent { Sort=190, Code=3596, Name=智易, Percent=0.0636% }
class StockMarketCapPercent { Sort=661, Code=3605, Name=宏致, Percent=0.0088% }
class StockMarketCapPercent { Sort=733, Code=3607, Name=谷崧, Percent=0.0068% }
class StockMarketCapPercent { Sort=419, Code=3617, Name=碩天, Percent=0.0224% }
class StockMarketCapPercent { Sort=649, Code=3622, Name=洋華, Percent=0.0092% }
class StockMarketCapPercent { Sort=460, Code=3645, Name=達邁, Percent=0.0193% }
class StockMarketCapPercent { Sort=215, Code=3653, Name=健策, Percent=0.0556% }
class StockMarketCapPercent { Sort=380, Code=3661, Name=世芯-KY, Percent=0.0259% }
class StockMarketCapPercent { Sort=160, Code=3665, Name=貿聯-KY, Percent=0.0803% }
class StockMarketCapPercent { Sort=791, Code=3669, Name=圓展, Percent=0.0053% }
class StockMarketCapPercent { Sort=169, Code=3673, Name=TPK-KY, Percent=0.0726% }
class StockMarketCapPercent { Sort=662, Code=3679, Name=新至陞, Percent=0.0087% }
class StockMarketCapPercent { Sort=155, Code=3682, Name=亞太電, Percent=0.0822% }
class StockMarketCapPercent { Sort=681, Code=3694, Name=海華, Percent=0.0084% }
class StockMarketCapPercent { Sort=427, Code=3698, Name=隆達, Percent=0.0218% }
class StockMarketCapPercent { Sort=677, Code=3701, Name=大眾控, Percent=0.0085% }
class StockMarketCapPercent { Sort=71, Code=3702, Name=大聯大, Percent=0.2099% }
class StockMarketCapPercent { Sort=279, Code=3703, Name=欣陸, Percent=0.0387% }
class StockMarketCapPercent { Sort=327, Code=3704, Name=合勤控, Percent=0.0318% }
class StockMarketCapPercent { Sort=304, Code=3705, Name=永信, Percent=0.0346% }
class StockMarketCapPercent { Sort=137, Code=3706, Name=神達, Percent=0.0935% }
class StockMarketCapPercent { Sort=405, Code=3708, Name=上緯投控, Percent=0.0231% }
class StockMarketCapPercent { Sort=18, Code=3711, Name=日月光投控, Percent=0.9709% }
class StockMarketCapPercent { Sort=523, Code=3712, Name=永崴投控, Percent=0.0157% }
class StockMarketCapPercent { Sort=430, Code=4104, Name=佳醫, Percent=0.0215% }
class StockMarketCapPercent { Sort=743, Code=4106, Name=雃博, Percent=0.0064% }
class StockMarketCapPercent { Sort=634, Code=4108, Name=懷特, Percent=0.0098% }
class StockMarketCapPercent { Sort=394, Code=4119, Name=旭富, Percent=0.0248% }
class StockMarketCapPercent { Sort=800, Code=4133, Name=亞諾法, Percent=0.0051% }
class StockMarketCapPercent { Sort=217, Code=4137, Name=麗豐-KY, Percent=0.0552% }
class StockMarketCapPercent { Sort=690, Code=4141, Name=龍燈-KY, Percent=0.0081% }
class StockMarketCapPercent { Sort=359, Code=4142, Name=國光生, Percent=0.0286% }
class StockMarketCapPercent { Sort=727, Code=4144, Name=康聯-KY, Percent=0.0070% }
class StockMarketCapPercent { Sort=632, Code=4148, Name=全宇生技-KY, Percent=0.0099% }
class StockMarketCapPercent { Sort=698, Code=4155, Name=訊映, Percent=0.0079% }
class StockMarketCapPercent { Sort=459, Code=4164, Name=承業醫, Percent=0.0193% }
class StockMarketCapPercent { Sort=458, Code=4190, Name=佐登-KY, Percent=0.0195% }
class StockMarketCapPercent { Sort=437, Code=4306, Name=炎洲, Percent=0.0211% }
class StockMarketCapPercent { Sort=337, Code=4414, Name=如興, Percent=0.0311% }
class StockMarketCapPercent { Sort=361, Code=4426, Name=利勤, Percent=0.0280% }
class StockMarketCapPercent { Sort=232, Code=4438, Name=廣越, Percent=0.0509% }
class StockMarketCapPercent { Sort=549, Code=4526, Name=東台, Percent=0.0136% }
class StockMarketCapPercent { Sort=291, Code=4532, Name=瑞智, Percent=0.0365% }
class StockMarketCapPercent { Sort=256, Code=4536, Name=拓凱, Percent=0.0443% }
class StockMarketCapPercent { Sort=474, Code=4540, Name=全球傳動, Percent=0.0185% }
class StockMarketCapPercent { Sort=786, Code=4545, Name=銘鈺, Percent=0.0054% }
class StockMarketCapPercent { Sort=269, Code=4551, Name=智伸科, Percent=0.0401% }
class StockMarketCapPercent { Sort=534, Code=4552, Name=力達-KY, Percent=0.0152% }
class StockMarketCapPercent { Sort=597, Code=4555, Name=氣立, Percent=0.0113% }
class StockMarketCapPercent { Sort=675, Code=4557, Name=永新-KY, Percent=0.0086% }
class StockMarketCapPercent { Sort=610, Code=4560, Name=強信-KY, Percent=0.0106% }
class StockMarketCapPercent { Sort=744, Code=4562, Name=穎漢, Percent=0.0064% }
class StockMarketCapPercent { Sort=320, Code=4564, Name=元翎, Percent=0.0327% }
class StockMarketCapPercent { Sort=626, Code=4566, Name=時碩工業, Percent=0.0101% }
class StockMarketCapPercent { Sort=837, Code=4720, Name=德淵, Percent=0.0039% }
class StockMarketCapPercent { Sort=674, Code=4722, Name=國精化, Percent=0.0086% }
class StockMarketCapPercent { Sort=521, Code=4725, Name=信昌化, Percent=0.0157% }
class StockMarketCapPercent { Sort=647, Code=4737, Name=華廣, Percent=0.0093% }
class StockMarketCapPercent { Sort=406, Code=4739, Name=康普, Percent=0.0230% }
class StockMarketCapPercent { Sort=609, Code=4746, Name=台耀, Percent=0.0107% }
class StockMarketCapPercent { Sort=582, Code=4755, Name=三福化, Percent=0.0119% }
class StockMarketCapPercent { Sort=429, Code=4763, Name=材料-KY, Percent=0.0216% }
class StockMarketCapPercent { Sort=510, Code=4764, Name=雙鍵, Percent=0.0166% }
class StockMarketCapPercent { Sort=195, Code=4766, Name=南寶, Percent=0.0618% }
class StockMarketCapPercent { Sort=849, Code=4807, Name=日成-KY, Percent=0.0036% }
class StockMarketCapPercent { Sort=25, Code=4904, Name=遠傳, Percent=0.7501% }
class StockMarketCapPercent { Sort=333, Code=4906, Name=正文, Percent=0.0314% }
class StockMarketCapPercent { Sort=487, Code=4912, Name=聯德控股-KY, Percent=0.0179% }
class StockMarketCapPercent { Sort=153, Code=4915, Name=致伸, Percent=0.0830% }
class StockMarketCapPercent { Sort=673, Code=4916, Name=事欣科, Percent=0.0086% }
class StockMarketCapPercent { Sort=315, Code=4919, Name=新唐, Percent=0.0332% }
class StockMarketCapPercent { Sort=348, Code=4927, Name=泰鼎-KY, Percent=0.0299% }
class StockMarketCapPercent { Sort=817, Code=4930, Name=燦星網, Percent=0.0045% }
class StockMarketCapPercent { Sort=806, Code=4934, Name=太極, Percent=0.0048% }
class StockMarketCapPercent { Sort=349, Code=4935, Name=茂林-KY, Percent=0.0299% }
class StockMarketCapPercent { Sort=42, Code=4938, Name=和碩, Percent=0.4304% }
class StockMarketCapPercent { Sort=515, Code=4942, Name=嘉彰, Percent=0.0162% }
class StockMarketCapPercent { Sort=185, Code=4943, Name=康控-KY, Percent=0.0649% }
class StockMarketCapPercent { Sort=578, Code=4952, Name=凌通, Percent=0.0121% }
class StockMarketCapPercent { Sort=818, Code=4956, Name=光鋐, Percent=0.0045% }
class StockMarketCapPercent { Sort=52, Code=4958, Name=臻鼎-KY, Percent=0.3291% }
class StockMarketCapPercent { Sort=446, Code=4961, Name=天鈺, Percent=0.0204% }
class StockMarketCapPercent { Sort=790, Code=4967, Name=十銓, Percent=0.0053% }
class StockMarketCapPercent { Sort=360, Code=4968, Name=立積, Percent=0.0282% }
class StockMarketCapPercent { Sort=587, Code=4976, Name=佳凌, Percent=0.0116% }
class StockMarketCapPercent { Sort=457, Code=4977, Name=眾達-KY, Percent=0.0195% }
class StockMarketCapPercent { Sort=588, Code=4989, Name=榮科, Percent=0.0115% }
class StockMarketCapPercent { Sort=312, Code=4994, Name=傳奇, Percent=0.0335% }
class StockMarketCapPercent { Sort=625, Code=4999, Name=鑫禾, Percent=0.0101% }
class StockMarketCapPercent { Sort=236, Code=5007, Name=三星, Percent=0.0481% }
class StockMarketCapPercent { Sort=396, Code=5203, Name=訊連, Percent=0.0244% }
class StockMarketCapPercent { Sort=611, Code=5215, Name=科嘉-KY, Percent=0.0106% }
class StockMarketCapPercent { Sort=648, Code=5225, Name=東科-KY, Percent=0.0093% }
class StockMarketCapPercent { Sort=339, Code=5234, Name=達興材料, Percent=0.0308% }
class StockMarketCapPercent { Sort=426, Code=5243, Name=乙盛-KY, Percent=0.0219% }
class StockMarketCapPercent { Sort=728, Code=5258, Name=虹堡, Percent=0.0070% }
class StockMarketCapPercent { Sort=178, Code=5264, Name=鎧勝-KY, Percent=0.0680% }
class StockMarketCapPercent { Sort=133, Code=5269, Name=祥碩, Percent=0.0954% }
class StockMarketCapPercent { Sort=420, Code=5283, Name=禾聯碩, Percent=0.0223% }
class StockMarketCapPercent { Sort=731, Code=5284, Name=jpp-KY, Percent=0.0068% }
class StockMarketCapPercent { Sort=520, Code=5285, Name=界霖, Percent=0.0158% }
class StockMarketCapPercent { Sort=369, Code=5288, Name=豐祥-KY, Percent=0.0269% }
class StockMarketCapPercent { Sort=268, Code=5305, Name=敦南, Percent=0.0404% }
class StockMarketCapPercent { Sort=189, Code=5388, Name=中磊, Percent=0.0637% }
class StockMarketCapPercent { Sort=226, Code=5434, Name=崇越, Percent=0.0530% }
class StockMarketCapPercent { Sort=211, Code=5469, Name=瀚宇博, Percent=0.0568% }
class StockMarketCapPercent { Sort=477, Code=5471, Name=松翰, Percent=0.0183% }
class StockMarketCapPercent { Sort=890, Code=5484, Name=慧友, Percent=0.0021% }
class StockMarketCapPercent { Sort=617, Code=5515, Name=建國, Percent=0.0105% }
class StockMarketCapPercent { Sort=624, Code=5519, Name=隆大, Percent=0.0102% }
class StockMarketCapPercent { Sort=708, Code=5521, Name=工信, Percent=0.0076% }
class StockMarketCapPercent { Sort=132, Code=5522, Name=遠雄, Percent=0.0955% }
class StockMarketCapPercent { Sort=500, Code=5525, Name=順天, Percent=0.0172% }
class StockMarketCapPercent { Sort=342, Code=5531, Name=鄉林, Percent=0.0304% }
class StockMarketCapPercent { Sort=541, Code=5533, Name=皇鼎, Percent=0.0144% }
class StockMarketCapPercent { Sort=168, Code=5534, Name=長虹, Percent=0.0730% }
class StockMarketCapPercent { Sort=507, Code=5538, Name=東明-KY, Percent=0.0169% }
class StockMarketCapPercent { Sort=571, Code=5607, Name=遠雄港, Percent=0.0125% }
class StockMarketCapPercent { Sort=703, Code=5608, Name=四維航, Percent=0.0078% }
class StockMarketCapPercent { Sort=724, Code=5706, Name=鳳凰, Percent=0.0072% }
class StockMarketCapPercent { Sort=34, Code=5871, Name=中租-KY, Percent=0.5201% }
class StockMarketCapPercent { Sort=26, Code=5876, Name=上海商銀, Percent=0.7160% }
class StockMarketCapPercent { Sort=22, Code=5880, Name=合庫金, Percent=0.8143% }
class StockMarketCapPercent { Sort=909, Code=5906, Name=台南-KY, Percent=0.0012% }
class StockMarketCapPercent { Sort=466, Code=5907, Name=大洋-KY, Percent=0.0189% }
class StockMarketCapPercent { Sort=188, Code=6005, Name=群益證, Percent=0.0639% }
class StockMarketCapPercent { Sort=398, Code=6024, Name=群益期, Percent=0.0243% }
class StockMarketCapPercent { Sort=546, Code=6108, Name=競國, Percent=0.0139% }
class StockMarketCapPercent { Sort=548, Code=6112, Name=聚碩, Percent=0.0137% }
class StockMarketCapPercent { Sort=397, Code=6115, Name=鎰勝, Percent=0.0244% }
class StockMarketCapPercent { Sort=181, Code=6116, Name=彩晶, Percent=0.0660% }
class StockMarketCapPercent { Sort=839, Code=6117, Name=迎廣, Percent=0.0038% }
class StockMarketCapPercent { Sort=285, Code=6120, Name=達運, Percent=0.0379% }
class StockMarketCapPercent { Sort=570, Code=6128, Name=上福, Percent=0.0126% }
class StockMarketCapPercent { Sort=862, Code=6133, Name=金橋, Percent=0.0031% }
class StockMarketCapPercent { Sort=729, Code=6136, Name=富爾特, Percent=0.0070% }
class StockMarketCapPercent { Sort=488, Code=6139, Name=亞翔, Percent=0.0177% }
class StockMarketCapPercent { Sort=636, Code=6141, Name=柏承, Percent=0.0097% }
class StockMarketCapPercent { Sort=730, Code=6142, Name=友勁, Percent=0.0069% }
class StockMarketCapPercent { Sort=824, Code=6152, Name=百一, Percent=0.0043% }
class StockMarketCapPercent { Sort=258, Code=6153, Name=嘉聯益, Percent=0.0434% }
class StockMarketCapPercent { Sort=765, Code=6155, Name=鈞寶, Percent=0.0059% }
class StockMarketCapPercent { Sort=889, Code=6164, Name=華興, Percent=0.0022% }
class StockMarketCapPercent { Sort=904, Code=6165, Name=捷泰, Percent=0.0015% }
class StockMarketCapPercent { Sort=319, Code=6166, Name=凌華, Percent=0.0327% }
class StockMarketCapPercent { Sort=664, Code=6168, Name=宏齊, Percent=0.0087% }
class StockMarketCapPercent { Sort=900, Code=6172, Name=互億, Percent=0.0016% }
class StockMarketCapPercent { Sort=88, Code=6176, Name=瑞儀, Percent=0.1660% }
class StockMarketCapPercent { Sort=421, Code=6177, Name=達麗, Percent=0.0222% }
class StockMarketCapPercent { Sort=498, Code=6183, Name=關貿, Percent=0.0173% }
class StockMarketCapPercent { Sort=470, Code=6184, Name=大豐電, Percent=0.0186% }
class StockMarketCapPercent { Sort=471, Code=6189, Name=豐藝, Percent=0.0186% }
class StockMarketCapPercent { Sort=358, Code=6191, Name=精成科, Percent=0.0286% }
class StockMarketCapPercent { Sort=340, Code=6192, Name=巨路, Percent=0.0305% }
class StockMarketCapPercent { Sort=356, Code=6196, Name=帆宣, Percent=0.0288% }
class StockMarketCapPercent { Sort=583, Code=6197, Name=佳必琪, Percent=0.0119% }
class StockMarketCapPercent { Sort=637, Code=6201, Name=亞弘電, Percent=0.0096% }
class StockMarketCapPercent { Sort=238, Code=6202, Name=盛群, Percent=0.0476% }
class StockMarketCapPercent { Sort=764, Code=6205, Name=詮欣, Percent=0.0059% }
class StockMarketCapPercent { Sort=313, Code=6206, Name=飛捷, Percent=0.0334% }
class StockMarketCapPercent { Sort=530, Code=6209, Name=今國光, Percent=0.0155% }
class StockMarketCapPercent { Sort=101, Code=6213, Name=聯茂, Percent=0.1305% }
class StockMarketCapPercent { Sort=194, Code=6214, Name=精誠, Percent=0.0618% }
class StockMarketCapPercent { Sort=833, Code=6215, Name=和椿, Percent=0.0040% }
class StockMarketCapPercent { Sort=715, Code=6216, Name=居易, Percent=0.0073% }
class StockMarketCapPercent { Sort=509, Code=6224, Name=聚鼎, Percent=0.0166% }
class StockMarketCapPercent { Sort=874, Code=6226, Name=光鼎, Percent=0.0026% }
class StockMarketCapPercent { Sort=176, Code=6230, Name=超眾, Percent=0.0686% }
class StockMarketCapPercent { Sort=741, Code=6235, Name=華孚, Percent=0.0065% }
class StockMarketCapPercent { Sort=80, Code=6239, Name=力成, Percent=0.1840% }
class StockMarketCapPercent { Sort=880, Code=6243, Name=迅杰, Percent=0.0024% }
class StockMarketCapPercent { Sort=598, Code=6251, Name=定穎, Percent=0.0112% }
class StockMarketCapPercent { Sort=267, Code=6257, Name=矽格, Percent=0.0410% }
class StockMarketCapPercent { Sort=136, Code=6269, Name=台郡, Percent=0.0939% }
class StockMarketCapPercent { Sort=192, Code=6271, Name=同欣電, Percent=0.0621% }
class StockMarketCapPercent { Sort=332, Code=6277, Name=宏正, Percent=0.0314% }
class StockMarketCapPercent { Sort=177, Code=6278, Name=台表科, Percent=0.0684% }
class StockMarketCapPercent { Sort=445, Code=6281, Name=全國電, Percent=0.0204% }
class StockMarketCapPercent { Sort=293, Code=6282, Name=康舒, Percent=0.0360% }
class StockMarketCapPercent { Sort=542, Code=6283, Name=淳安, Percent=0.0142% }
class StockMarketCapPercent { Sort=129, Code=6285, Name=啟碁, Percent=0.0968% }
class StockMarketCapPercent { Sort=604, Code=6288, Name=聯嘉, Percent=0.0109% }
class StockMarketCapPercent { Sort=863, Code=6405, Name=悅城, Percent=0.0030% }
class StockMarketCapPercent { Sort=85, Code=6409, Name=旭隼, Percent=0.1745% }
class StockMarketCapPercent { Sort=173, Code=6412, Name=群電, Percent=0.0707% }
class StockMarketCapPercent { Sort=206, Code=6414, Name=樺漢, Percent=0.0590% }
class StockMarketCapPercent { Sort=75, Code=6415, Name=矽力-KY, Percent=0.1991% }
class StockMarketCapPercent { Sort=482, Code=6416, Name=瑞祺電通, Percent=0.0181% }
class StockMarketCapPercent { Sort=848, Code=6431, Name=光麗-KY, Percent=0.0036% }
class StockMarketCapPercent { Sort=691, Code=6442, Name=光聖, Percent=0.0081% }
class StockMarketCapPercent { Sort=692, Code=6449, Name=鈺邦, Percent=0.0081% }
class StockMarketCapPercent { Sort=288, Code=6451, Name=訊芯-KY, Percent=0.0373% }
class StockMarketCapPercent { Sort=212, Code=6452, Name=康友-KY, Percent=0.0558% }
class StockMarketCapPercent { Sort=115, Code=6456, Name=GIS-KY, Percent=0.1100% }
class StockMarketCapPercent { Sort=266, Code=6464, Name=台數科, Percent=0.0413% }
class StockMarketCapPercent { Sort=747, Code=6477, Name=安集, Percent=0.0063% }
class StockMarketCapPercent { Sort=310, Code=6504, Name=南六, Percent=0.0340% }
class StockMarketCapPercent { Sort=3, Code=6505, Name=台塑化, Percent=2.9120% }
class StockMarketCapPercent { Sort=376, Code=6525, Name=捷敏-KY, Percent=0.0264% }
class StockMarketCapPercent { Sort=646, Code=6531, Name=愛普, Percent=0.0094% }
class StockMarketCapPercent { Sort=506, Code=6533, Name=晶心科, Percent=0.0169% }
class StockMarketCapPercent { Sort=224, Code=6541, Name=泰福-KY, Percent=0.0532% }
class StockMarketCapPercent { Sort=336, Code=6552, Name=易華電, Percent=0.0313% }
class StockMarketCapPercent { Sort=478, Code=6558, Name=興能高, Percent=0.0182% }
class StockMarketCapPercent { Sort=805, Code=6573, Name=虹揚-KY, Percent=0.0049% }
class StockMarketCapPercent { Sort=299, Code=6579, Name=研揚, Percent=0.0352% }
class StockMarketCapPercent { Sort=326, Code=6581, Name=鋼聯, Percent=0.0318% }
class StockMarketCapPercent { Sort=505, Code=6582, Name=申豐, Percent=0.0171% }
class StockMarketCapPercent { Sort=854, Code=6591, Name=動力-KY, Percent=0.0034% }
class StockMarketCapPercent { Sort=317, Code=6605, Name=帝寶, Percent=0.0330% }
class StockMarketCapPercent { Sort=785, Code=6625, Name=必應, Percent=0.0055% }
class StockMarketCapPercent { Sort=701, Code=6641, Name=基士德-KY, Percent=0.0078% }
class StockMarketCapPercent { Sort=638, Code=6655, Name=科定, Percent=0.0096% }
class StockMarketCapPercent { Sort=378, Code=6666, Name=羅麗芬-KY, Percent=0.0263% }
class StockMarketCapPercent { Sort=556, Code=6668, Name=中揚光, Percent=0.0132% }
class StockMarketCapPercent { Sort=65, Code=6669, Name=緯穎, Percent=0.2360% }
class StockMarketCapPercent { Sort=179, Code=6670, Name=復盛應用, Percent=0.0676% }
class StockMarketCapPercent { Sort=702, Code=6671, Name=三能-KY, Percent=0.0078% }
class StockMarketCapPercent { Sort=436, Code=6672, Name=騰輝電子-KY, Percent=0.0212% }
class StockMarketCapPercent { Sort=746, Code=6674, Name=鋐寶科技, Percent=0.0063% }
class StockMarketCapPercent { Sort=769, Code=8011, Name=台通, Percent=0.0058% }
class StockMarketCapPercent { Sort=196, Code=8016, Name=矽創, Percent=0.0613% }
class StockMarketCapPercent { Sort=650, Code=8021, Name=尖點, Percent=0.0091% }
class StockMarketCapPercent { Sort=346, Code=8028, Name=昇陽半導體, Percent=0.0300% }
class StockMarketCapPercent { Sort=847, Code=8033, Name=雷虎, Percent=0.0037% }
class StockMarketCapPercent { Sort=357, Code=8039, Name=台虹, Percent=0.0287% }
class StockMarketCapPercent { Sort=156, Code=8046, Name=南電, Percent=0.0819% }
class StockMarketCapPercent { Sort=325, Code=8070, Name=長華, Percent=0.0319% }
class StockMarketCapPercent { Sort=801, Code=8072, Name=陞泰, Percent=0.0051% }
class StockMarketCapPercent { Sort=321, Code=8081, Name=致新, Percent=0.0325% }
class StockMarketCapPercent { Sort=899, Code=8101, Name=華冠, Percent=0.0018% }
class StockMarketCapPercent { Sort=756, Code=8103, Name=瀚荃, Percent=0.0061% }
class StockMarketCapPercent { Sort=569, Code=8104, Name=錸寶, Percent=0.0126% }
class StockMarketCapPercent { Sort=442, Code=8105, Name=凌巨, Percent=0.0208% }
class StockMarketCapPercent { Sort=535, Code=8110, Name=華東, Percent=0.0150% }
class StockMarketCapPercent { Sort=309, Code=8112, Name=至上, Percent=0.0341% }
class StockMarketCapPercent { Sort=381, Code=8114, Name=振樺電, Percent=0.0259% }
class StockMarketCapPercent { Sort=247, Code=8131, Name=福懋科, Percent=0.0464% }
class StockMarketCapPercent { Sort=170, Code=8150, Name=南茂, Percent=0.0717% }
class StockMarketCapPercent { Sort=290, Code=8163, Name=達方, Percent=0.0365% }
class StockMarketCapPercent { Sort=881, Code=8201, Name=無敵, Percent=0.0024% }
class StockMarketCapPercent { Sort=367, Code=8210, Name=勤誠, Percent=0.0272% }
class StockMarketCapPercent { Sort=331, Code=8213, Name=志超, Percent=0.0316% }
class StockMarketCapPercent { Sort=425, Code=8215, Name=明基材, Percent=0.0219% }
class StockMarketCapPercent { Sort=825, Code=8222, Name=寶一, Percent=0.0042% }
class StockMarketCapPercent { Sort=663, Code=8249, Name=菱光, Percent=0.0087% }
class StockMarketCapPercent { Sort=714, Code=8261, Name=富鼎, Percent=0.0074% }
class StockMarketCapPercent { Sort=618, Code=8271, Name=宇瞻, Percent=0.0104% }
class StockMarketCapPercent { Sort=144, Code=8341, Name=日友, Percent=0.0917% }
class StockMarketCapPercent { Sort=767, Code=8367, Name=建新國際, Percent=0.0058% }
class StockMarketCapPercent { Sort=768, Code=8374, Name=羅昇, Percent=0.0058% }
class StockMarketCapPercent { Sort=261, Code=8404, Name=百和興業-KY, Percent=0.0424% }
class StockMarketCapPercent { Sort=660, Code=8411, Name=福貞-KY, Percent=0.0088% }
class StockMarketCapPercent { Sort=228, Code=8422, Name=可寧衛, Percent=0.0522% }
class StockMarketCapPercent { Sort=557, Code=8427, Name=基勝-KY, Percent=0.0131% }
class StockMarketCapPercent { Sort=693, Code=8429, Name=金麗-KY, Percent=0.0080% }
class StockMarketCapPercent { Sort=654, Code=8442, Name=威宏-KY, Percent=0.0090% }
class StockMarketCapPercent { Sort=883, Code=8443, Name=阿瘦, Percent=0.0023% }
class StockMarketCapPercent { Sort=112, Code=8454, Name=富邦媒, Percent=0.1139% }
class StockMarketCapPercent { Sort=239, Code=8462, Name=柏文, Percent=0.0474% }
class StockMarketCapPercent { Sort=584, Code=8463, Name=潤泰材, Percent=0.0118% }
class StockMarketCapPercent { Sort=59, Code=8464, Name=億豐, Percent=0.2534% }
class StockMarketCapPercent { Sort=499, Code=8466, Name=美吉吉-KY, Percent=0.0173% }
class StockMarketCapPercent { Sort=676, Code=8467, Name=波力-KY, Percent=0.0086% }
class StockMarketCapPercent { Sort=415, Code=8473, Name=山林水, Percent=0.0225% }
class StockMarketCapPercent { Sort=564, Code=8478, Name=東哥遊艇, Percent=0.0129% }
class StockMarketCapPercent { Sort=531, Code=8480, Name=泰昇-KY, Percent=0.0155% }
class StockMarketCapPercent { Sort=574, Code=8481, Name=政伸, Percent=0.0124% }
class StockMarketCapPercent { Sort=253, Code=8482, Name=商億-KY, Percent=0.0449% }
class StockMarketCapPercent { Sort=840, Code=8488, Name=吉源-KY, Percent=0.0038% }
class StockMarketCapPercent { Sort=776, Code=8497, Name=格威傳媒, Percent=0.0057% }
class StockMarketCapPercent { Sort=447, Code=8499, Name=鼎炫-KY, Percent=0.0204% }
class StockMarketCapPercent { Sort=229, Code=8926, Name=台汽電, Percent=0.0521% }
class StockMarketCapPercent { Sort=873, Code=8940, Name=新天地, Percent=0.0026% }
class StockMarketCapPercent { Sort=599, Code=8996, Name=高力, Percent=0.0112% }
class StockMarketCapPercent { Sort=257, Code=9802, Name=鈺齊-KY, Percent=0.0436% }
class StockMarketCapPercent { Sort=869, Code=9902, Name=台火, Percent=0.0029% }
class StockMarketCapPercent { Sort=46, Code=9904, Name=寶成, Percent=0.3633% }
class StockMarketCapPercent { Sort=407, Code=9905, Name=大華, Percent=0.0230% }
class StockMarketCapPercent { Sort=819, Code=9906, Name=欣巴巴, Percent=0.0044% }
class StockMarketCapPercent { Sort=200, Code=9907, Name=統一實, Percent=0.0603% }
class StockMarketCapPercent { Sort=237, Code=9908, Name=大台北, Percent=0.0481% }
class StockMarketCapPercent { Sort=38, Code=9910, Name=豐泰, Percent=0.4725% }
class StockMarketCapPercent { Sort=353, Code=9911, Name=櫻花, Percent=0.0295% }
class StockMarketCapPercent { Sort=905, Code=9912, Name=偉聯, Percent=0.0015% }
class StockMarketCapPercent { Sort=86, Code=9914, Name=美利達, Percent=0.1707% }
class StockMarketCapPercent { Sort=109, Code=9917, Name=中保, Percent=0.1220% }
class StockMarketCapPercent { Sort=465, Code=9918, Name=欣天然, Percent=0.0190% }
class StockMarketCapPercent { Sort=745, Code=9919, Name=康那香, Percent=0.0064% }
class StockMarketCapPercent { Sort=58, Code=9921, Name=巨大, Percent=0.2577% }
class StockMarketCapPercent { Sort=377, Code=9924, Name=福興, Percent=0.0264% }
class StockMarketCapPercent { Sort=251, Code=9925, Name=新保, Percent=0.0451% }
class StockMarketCapPercent { Sort=412, Code=9926, Name=新海, Percent=0.0226% }
class StockMarketCapPercent { Sort=451, Code=9927, Name=泰銘, Percent=0.0202% }
class StockMarketCapPercent { Sort=832, Code=9929, Name=秋雨, Percent=0.0041% }
class StockMarketCapPercent { Sort=271, Code=9930, Name=中聯資源, Percent=0.0398% }
class StockMarketCapPercent { Sort=589, Code=9931, Name=欣高, Percent=0.0115% }
class StockMarketCapPercent { Sort=120, Code=9933, Name=中鼎, Percent=0.1051% }
class StockMarketCapPercent { Sort=483, Code=9934, Name=成霖, Percent=0.0181% }
class StockMarketCapPercent { Sort=484, Code=9935, Name=慶豐富, Percent=0.0181% }
class StockMarketCapPercent { Sort=273, Code=9937, Name=全國, Percent=0.0395% }
class StockMarketCapPercent { Sort=162, Code=9938, Name=百和, Percent=0.0786% }
class StockMarketCapPercent { Sort=225, Code=9939, Name=宏全, Percent=0.0531% }
class StockMarketCapPercent { Sort=167, Code=9940, Name=信義, Percent=0.0731% }
class StockMarketCapPercent { Sort=121, Code=9941, Name=裕融, Percent=0.1045% }
class StockMarketCapPercent { Sort=473, Code=9942, Name=茂順, Percent=0.0186% }
class StockMarketCapPercent { Sort=324, Code=9943, Name=好樂迪, Percent=0.0320% }
class StockMarketCapPercent { Sort=757, Code=9944, Name=新麗, Percent=0.0060% }
class StockMarketCapPercent { Sort=96, Code=9945, Name=潤泰新, Percent=0.1343% }
class StockMarketCapPercent { Sort=414, Code=9946, Name=三發地產, Percent=0.0225% }
class StockMarketCapPercent { Sort=734, Code=9955, Name=佳龍, Percent=0.0068% }
class StockMarketCapPercent { Sort=249, Code=9958, Name=世紀鋼, Percent=0.0455% }
